<?xml version="1.0" encoding="UTF-8"?>
<!-- Generated by org.testng.reporters.JUnitReportReporter -->
<testsuite hostname="Srivalli" failures="0" tests="1" name="com.vedha.test.StringsDemo" time="0.012" errors="0" timestamp="2024-08-07T14:40:05 IST" skipped="0">
  <testcase classname="com.vedha.test.StringsDemo" name="Str" time="0.012"/>
  <system-out/>
</testsuite> <!-- com.vedha.test.StringsDemo -->
