<?xml version="1.0" encoding="UTF-8"?>
<!-- Generated by org.testng.reporters.JUnitReportReporter -->
<testsuite hostname="Srivalli" failures="0" tests="1" name="com.vedha.test.SeleniumDemo" time="7.138" errors="0" timestamp="2024-08-21T16:19:16 IST" skipped="0">
  <testcase classname="com.vedha.test.SeleniumDemo" name="act" time="7.138"/>
  <system-out/>
</testsuite> <!-- com.vedha.test.SeleniumDemo -->
