<?xml version="1.0" encoding="UTF-8"?>
<!-- Generated by org.testng.reporters.JUnitReportReporter -->
<testsuite hostname="Srivalli" failures="0" tests="1" name="com.vedha.test.execute" time="0.014" errors="0" timestamp="2024-08-02T16:31:00 IST" skipped="0">
  <testcase classname="com.vedha.test.execute" name="control" time="0.014"/>
  <system-out/>
</testsuite> <!-- com.vedha.test.execute -->
