<?xml version="1.0" encoding="UTF-8"?>
<!-- Generated by org.testng.reporters.JUnitReportReporter -->
<testsuite hostname="Srivalli" failures="0" tests="1" name="com.vedha.test.CollectionsTest" time="0.016" errors="0" timestamp="2024-08-10T16:46:13 IST" skipped="0">
  <testcase classname="com.vedha.test.CollectionsTest" name="mapDemo" time="0.016"/>
  <system-out/>
</testsuite> <!-- com.vedha.test.CollectionsTest -->
